{"name": "test_Register_With_Gmail_Account", "status": "broken", "statusDetails": {"message": "selenium.common.exceptions.TimeoutException: Message: \nStacktrace:\nBacktrace:\n\tOrdinal0 [0x0103FDC3+2555331]\n\tOrdinal0 [0x00FD77F1+2127857]\n\tOrdinal0 [0x00ED2E08+1060360]\n\tOrdinal0 [0x00EFE49E+1238174]\n\tOrdinal0 [0x00EFE69B+1238683]\n\tOrdinal0 [0x00F29252+1413714]\n\tOrdinal0 [0x00F17B54+1342292]\n\tOrdinal0 [0x00F275FA+1406458]\n\tOrdinal0 [0x00F17976+1341814]\n\tOrdinal0 [0x00EF36B6+1193654]\n\tOrdinal0 [0x00EF4546+1197382]\n\tGetHandleVerifier [0x011D9622+1619522]\n\tGetHandleVerifier [0x0128882C+2336844]\n\tGetHandleVerifier [0x010D23E1+541697]\n\tGetHandleVerifier [0x010D1443+537699]\n\tOrdinal0 [0x00FDD18E+2150798]\n\tOrdinal0 [0x00FE1518+2168088]\n\tOrdinal0 [0x00FE1660+2168416]\n\tOrdinal0 [0x00FEB330+2208560]\n\tBaseThreadInitThunk [0x773F0419+25]\n\tRtlGetAppContainerNamedObjectPath [0x777F74ED+237]\n\tRtlGetAppContainerNamedObjectPath [0x777F74BD+189]", "trace": "def test_Register_With_Gmail_Account():\n    #   openBrowser()\n        test_LogIn()\n        test_LogInB2B()\n        clickOnGoogleLogin()\n>       enterGoogleEmail(TestData.EXISTING_EMAIL_ACCOUNT)\n\nPageObjects\\TestCases\\testE2ERegistry.py:64: \n_ _ _ _ _ _ _ _ _ _ _ _ _ _ _ _ _ _ _ _ _ _ _ _ _ _ _ _ _ _ _ _ _ _ _ _ _ _ _ _ _ _ _ _ _ _ _ _ _ _ _ _ _ _ _ _ _ _ _ _ _ _ _ _ _ _ _ _ _ _ _ _ _ _ _ _ _ _ _ _ _ _\nPageObjects\\Pages\\GoogleSignInPage.py:11: in enterGoogleEmail\n    if isElementPresent(SIGNIN_PAGE):\nPageObjects\\Utils\\CommonMethods.py:44: in isElementPresent\n    presence = WebDriverWait(driver, 10).until(ec.visibility_of_element_located(webElement)).is_displayed()\n_ _ _ _ _ _ _ _ _ _ _ _ _ _ _ _ _ _ _ _ _ _ _ _ _ _ _ _ _ _ _ _ _ _ _ _ _ _ _ _ _ _ _ _ _ _ _ _ _ _ _ _ _ _ _ _ _ _ _ _ _ _ _ _ _ _ _ _ _ _ _ _ _ _ _ _ _ _ _ _ _ _\n\nself = <selenium.webdriver.support.wait.WebDriverWait (session=\"2da575b8ae6208a1c34498abb214778d\")>\nmethod = <function visibility_of_element_located.<locals>._predicate at 0x000002298D0C6160>, message = ''\n\n    def until(self, method, message=''):\n        \"\"\"Calls the method provided with the driver as an argument until the \\\n        return value does not evaluate to ``False``.\n    \n        :param method: callable(WebDriver)\n        :param message: optional message for :exc:`TimeoutException`\n        :returns: the result of the last call to `method`\n        :raises: :exc:`selenium.common.exceptions.TimeoutException` if timeout occurs\n        \"\"\"\n        screen = None\n        stacktrace = None\n    \n        end_time = time.time() + self._timeout\n        while True:\n            try:\n                value = method(self._driver)\n                if value:\n                    return value\n            except InvalidSelectorException as e:\n                raise e\n            except self._ignored_exceptions as exc:\n                screen = getattr(exc, 'screen', None)\n                stacktrace = getattr(exc, 'stacktrace', None)\n            time.sleep(self._poll)\n            if time.time() > end_time:\n                break\n>       raise TimeoutException(message, screen, stacktrace)\nE       selenium.common.exceptions.TimeoutException: Message: \nE       Stacktrace:\nE       Backtrace:\nE       \tOrdinal0 [0x0103FDC3+2555331]\nE       \tOrdinal0 [0x00FD77F1+2127857]\nE       \tOrdinal0 [0x00ED2E08+1060360]\nE       \tOrdinal0 [0x00EFE49E+1238174]\nE       \tOrdinal0 [0x00EFE69B+1238683]\nE       \tOrdinal0 [0x00F29252+1413714]\nE       \tOrdinal0 [0x00F17B54+1342292]\nE       \tOrdinal0 [0x00F275FA+1406458]\nE       \tOrdinal0 [0x00F17976+1341814]\nE       \tOrdinal0 [0x00EF36B6+1193654]\nE       \tOrdinal0 [0x00EF4546+1197382]\nE       \tGetHandleVerifier [0x011D9622+1619522]\nE       \tGetHandleVerifier [0x0128882C+2336844]\nE       \tGetHandleVerifier [0x010D23E1+541697]\nE       \tGetHandleVerifier [0x010D1443+537699]\nE       \tOrdinal0 [0x00FDD18E+2150798]\nE       \tOrdinal0 [0x00FE1518+2168088]\nE       \tOrdinal0 [0x00FE1660+2168416]\nE       \tOrdinal0 [0x00FEB330+2208560]\nE       \tBaseThreadInitThunk [0x773F0419+25]\nE       \tRtlGetAppContainerNamedObjectPath [0x777F74ED+237]\nE       \tRtlGetAppContainerNamedObjectPath [0x777F74BD+189]\n\nvenv\\lib\\site-packages\\selenium\\webdriver\\support\\wait.py:89: TimeoutException"}, "start": 1642660126193, "stop": 1642660158356, "uuid": "58b9a238-9b80-4bc5-b776-9cc8669b5c41", "historyId": "ec2404197a137573f3f2a3dd092095eb", "testCaseId": "6f384594dcc40487cada01798648f0dc", "fullName": "PageObjects.TestCases.testE2ERegistry#test_Register_With_Gmail_Account", "labels": [{"name": "parentSuite", "value": "PageObjects.TestCases"}, {"name": "suite", "value": "testE2ERegistry"}, {"name": "host", "value": "DESKTOP-BOH8VTE"}, {"name": "thread", "value": "14168-MainThread"}, {"name": "framework", "value": "pytest"}, {"name": "language", "value": "cpython3"}, {"name": "package", "value": "PageObjects.TestCases.testE2ERegistry"}]}